TOOL:	ncsim	04.10-b001: Started on Dec 01, 2003 at 15:50:33
ncsim
    -LICQUEUE
    -f ./ncsim.args
        -MESSAGES
        -NOCOPYRIGHT
        -CDSLIB ../bin/cds.lib
        -HDLVAR ../bin/hdl.var
        -INPUT ncsim.tcl
        -LOGFILE ../log/ncsim.log
        worklib.ps2_test_bench:rtl

Loading snapshot worklib.ps2_test_bench:rtl .................... Done
ncsim> source /shared/tools/ncsim/tools/inca/files/ncsimrc
ncsim> database -open waves -shm -into ../out/waves.shm
Created SHM database waves
ncsim> probe -create -database waves ps2_test_bench -shm -all -depth all
Created probe 1
ncsim> run


status: Testbench done
report (deaddead)
exit (00000000)
/projects/highland/gorand/tmp/ps2/bench/verilog/ps2_test_bench.v:289     $finish(0);
ncsim> quit
TOOL:	ncsim	04.10-b001: Exiting on Dec 01, 2003 at 15:58:05  (total: 00:07:32)
